<?xml version="1.0" encoding="UTF-8"?>
<!-- Generated by org.testng.reporters.JUnitReportReporter -->
<testsuite hostname="Gayathri" failures="0" tests="4" name="com.runner.TestNGRunner" time="41.354" errors="0" timestamp="2025-04-07T16:12:17 IST" skipped="0">
  <testcase classname="com.runner.TestNGRunner" name="runScenario" time="15.034"/>
  <testcase classname="com.runner.TestNGRunner" name="runScenario" time="11.743"/>
  <testcase classname="com.runner.TestNGRunner" name="runScenario" time="9.032"/>
  <testcase classname="com.runner.TestNGRunner" name="runScenario" time="5.545"/>
</testsuite> <!-- com.runner.TestNGRunner -->
