<?xml version="1.0" encoding="UTF-8"?>
<!-- Generated by org.testng.reporters.JUnitReportReporter -->
<testsuite hostname="Gayathri" failures="0" tests="4" name="com.runner.TestNGRunner" time="34.809" errors="0" timestamp="2025-04-07T22:55:09 IST" skipped="0">
  <testcase classname="com.runner.TestNGRunner" name="runScenario" time="9.834"/>
  <testcase classname="com.runner.TestNGRunner" name="runScenario" time="5.431"/>
  <testcase classname="com.runner.TestNGRunner" name="runScenario" time="15.673"/>
  <testcase classname="com.runner.TestNGRunner" name="runScenario" time="3.871"/>
</testsuite> <!-- com.runner.TestNGRunner -->
