<?xml version="1.0" encoding="UTF-8"?>
<!-- Generated by org.testng.reporters.JUnitReportReporter -->
<testsuite hostname="Gayathri" failures="0" tests="4" name="com.runner.TestNGRunner" time="36.193" errors="0" timestamp="2025-04-08T08:03:40 IST" skipped="0">
  <testcase classname="com.runner.TestNGRunner" name="runScenario" time="10.362"/>
  <testcase classname="com.runner.TestNGRunner" name="runScenario" time="5.962"/>
  <testcase classname="com.runner.TestNGRunner" name="runScenario" time="15.396"/>
  <testcase classname="com.runner.TestNGRunner" name="runScenario" time="4.473"/>
</testsuite> <!-- com.runner.TestNGRunner -->
