<?xml version="1.0" encoding="UTF-8"?>
<!-- Generated by org.testng.reporters.JUnitReportReporter -->
<testsuite hostname="Gayathri" failures="0" tests="4" name="com.runner.TestNGRunner" time="45.446" errors="0" timestamp="2025-04-06T10:52:44 IST" skipped="0">
  <testcase classname="com.runner.TestNGRunner" name="runScenario" time="8.702"/>
  <testcase classname="com.runner.TestNGRunner" name="runScenario" time="16.179"/>
  <testcase classname="com.runner.TestNGRunner" name="runScenario" time="7.368"/>
  <testcase classname="com.runner.TestNGRunner" name="runScenario" time="13.197"/>
</testsuite> <!-- com.runner.TestNGRunner -->
